Determining if the pthread_create exist failed with the following output:
Change Dir: /home/yogesh/GTestProject/build/CMakeFiles/CMakeTmp

Run Build Command:"/usr/bin/make" "cmTC_e399e/fast"
/usr/bin/make -f CMakeFiles/cmTC_e399e.dir/build.make CMakeFiles/cmTC_e399e.dir/build
make[1]: Entering directory '/home/yogesh/GTestProject/build/CMakeFiles/CMakeTmp'
Building C object CMakeFiles/cmTC_e399e.dir/CheckSymbolExists.c.o
/usr/bin/cc     -o CMakeFiles/cmTC_e399e.dir/CheckSymbolExists.c.o   -c /home/yogesh/GTestProject/build/CMakeFiles/CMakeTmp/CheckSymbolExists.c
Linking C executable cmTC_e399e
/usr/bin/cmake -E cmake_link_script CMakeFiles/cmTC_e399e.dir/link.txt --verbose=1
/usr/bin/cc       CMakeFiles/cmTC_e399e.dir/CheckSymbolExists.c.o  -o cmTC_e399e -rdynamic 
CMakeFiles/cmTC_e399e.dir/CheckSymbolExists.c.o: In function `main':
CheckSymbolExists.c:(.text+0x16): undefined reference to `pthread_create'
collect2: error: ld returned 1 exit status
CMakeFiles/cmTC_e399e.dir/build.make:97: recipe for target 'cmTC_e399e' failed
make[1]: *** [cmTC_e399e] Error 1
make[1]: Leaving directory '/home/yogesh/GTestProject/build/CMakeFiles/CMakeTmp'
Makefile:126: recipe for target 'cmTC_e399e/fast' failed
make: *** [cmTC_e399e/fast] Error 2

File /home/yogesh/GTestProject/build/CMakeFiles/CMakeTmp/CheckSymbolExists.c:
/* */
#include <pthread.h>

int main(int argc, char** argv)
{
  (void)argv;
#ifndef pthread_create
  return ((int*)(&pthread_create))[argc];
#else
  (void)argc;
  return 0;
#endif
}

Determining if the function pthread_create exists in the pthreads failed with the following output:
Change Dir: /home/yogesh/GTestProject/build/CMakeFiles/CMakeTmp

Run Build Command:"/usr/bin/make" "cmTC_df5bd/fast"
/usr/bin/make -f CMakeFiles/cmTC_df5bd.dir/build.make CMakeFiles/cmTC_df5bd.dir/build
make[1]: Entering directory '/home/yogesh/GTestProject/build/CMakeFiles/CMakeTmp'
Building C object CMakeFiles/cmTC_df5bd.dir/CheckFunctionExists.c.o
/usr/bin/cc    -DCHECK_FUNCTION_EXISTS=pthread_create   -o CMakeFiles/cmTC_df5bd.dir/CheckFunctionExists.c.o   -c /usr/share/cmake-3.5/Modules/CheckFunctionExists.c
Linking C executable cmTC_df5bd
/usr/bin/cmake -E cmake_link_script CMakeFiles/cmTC_df5bd.dir/link.txt --verbose=1
/usr/bin/cc   -DCHECK_FUNCTION_EXISTS=pthread_create    CMakeFiles/cmTC_df5bd.dir/CheckFunctionExists.c.o  -o cmTC_df5bd -rdynamic -lpthreads 
/usr/bin/ld: cannot find -lpthreads
collect2: error: ld returned 1 exit status
CMakeFiles/cmTC_df5bd.dir/build.make:97: recipe for target 'cmTC_df5bd' failed
make[1]: *** [cmTC_df5bd] Error 1
make[1]: Leaving directory '/home/yogesh/GTestProject/build/CMakeFiles/CMakeTmp'
Makefile:126: recipe for target 'cmTC_df5bd/fast' failed
make: *** [cmTC_df5bd/fast] Error 2


